2024-10-02 16:26:38.734 [info] Reading sessions from keychain...
2024-10-02 16:26:38.734 [info] Getting sessions for all scopes...
2024-10-02 16:26:38.734 [info] Getting sessions for user:email...
2024-10-02 16:26:38.734 [info] Got stored sessions!
2024-10-02 16:26:38.734 [info] Got 6 verified sessions.
2024-10-02 16:26:38.734 [info] Got 6 sessions for ...
2024-10-02 16:26:38.734 [info] Got 1 sessions for user:email...
2024-10-02 16:26:38.857 [info] Getting sessions for codespace,read:user,repo,user:email...
2024-10-02 16:26:38.857 [info] Getting sessions for all scopes...
2024-10-02 16:26:38.857 [info] Got 1 sessions for codespace,read:user,repo,user:email...
2024-10-02 16:26:38.857 [info] Got 6 sessions for ...
2024-10-02 16:26:38.973 [info] Getting sessions for all scopes...
2024-10-02 16:26:38.973 [info] Got 6 sessions for ...
2024-10-02 16:26:40.138 [info] Getting sessions for all scopes...
2024-10-02 16:26:40.138 [info] Got 6 sessions for ...
2024-10-02 16:26:40.808 [info] Getting sessions for all scopes...
2024-10-02 16:26:40.808 [info] Got 6 sessions for ...
2024-10-02 16:26:41.169 [info] Getting sessions for all scopes...
2024-10-02 16:26:41.170 [info] Got 6 sessions for ...
2024-10-02 16:26:41.956 [info] Getting sessions for all scopes...
2024-10-02 16:26:41.956 [info] Got 6 sessions for ...
2024-10-02 16:26:42.344 [info] Getting sessions for project,read:org,read:user,repo,user:email,workflow...
2024-10-02 16:26:42.344 [info] Got 0 sessions for project,read:org,read:user,repo,user:email,workflow...
2024-10-02 16:26:42.789 [info] Getting sessions for read:user,repo,user:email,workflow...
2024-10-02 16:26:42.789 [info] Got 1 sessions for read:user,repo,user:email,workflow...
2024-10-02 16:26:43.549 [info] Getting sessions for read:user,repo,user:email,workflow...
2024-10-02 16:26:43.556 [info] Got 1 sessions for read:user,repo,user:email,workflow...
2024-10-02 16:26:54.638 [info] Getting sessions for read:user,repo,user:email,workflow...
2024-10-02 16:26:54.638 [info] Got 1 sessions for read:user,repo,user:email,workflow...
2024-10-02 16:26:54.762 [info] Getting sessions for all scopes...
2024-10-02 16:26:54.762 [info] Getting sessions for all scopes...
2024-10-02 16:26:54.762 [info] Got 6 sessions for ...
2024-10-02 16:26:54.762 [info] Got 6 sessions for ...
2024-10-02 16:26:55.772 [info] Getting sessions for read:user,repo,user:email,workflow...
2024-10-02 16:26:55.772 [info] Got 1 sessions for read:user,repo,user:email,workflow...
2024-10-02 16:26:58.862 [info] Getting sessions for all scopes...
2024-10-02 16:26:58.862 [info] Getting sessions for all scopes...
2024-10-02 16:26:58.862 [info] Got 6 sessions for ...
2024-10-02 16:26:58.863 [info] Got 6 sessions for ...
2024-10-02 16:26:59.222 [info] Getting sessions for read:user,repo,user:email,workflow...
2024-10-02 16:26:59.222 [info] Got 1 sessions for read:user,repo,user:email,workflow...
2024-10-02 16:42:00.224 [info] Getting sessions for all scopes...
2024-10-02 16:42:00.224 [info] Got 6 sessions for ...
2024-10-02 16:42:00.577 [info] Getting sessions for read:user,repo,user:email,workflow...
2024-10-02 16:42:00.577 [info] Got 1 sessions for read:user,repo,user:email,workflow...
2024-10-02 16:42:00.950 [info] Getting sessions for all scopes...
2024-10-02 16:42:00.950 [info] Got 6 sessions for ...
2024-10-02 16:42:01.312 [info] Getting sessions for read:user,repo,user:email,workflow...
2024-10-02 16:42:01.312 [info] Got 1 sessions for read:user,repo,user:email,workflow...
