2024-10-03 01:44:09.755 [info] Reading sessions from keychain...
2024-10-03 01:44:09.755 [info] Getting sessions for all scopes...
2024-10-03 01:44:09.755 [info] Getting sessions for user:email...
2024-10-03 01:44:09.763 [info] Got stored sessions!
2024-10-03 01:44:09.763 [info] Got 6 verified sessions.
2024-10-03 01:44:09.763 [info] Got 6 sessions for ...
2024-10-03 01:44:09.763 [info] Got 1 sessions for user:email...
2024-10-03 01:44:09.877 [info] Getting sessions for codespace,read:user,repo,user:email...
2024-10-03 01:44:09.877 [info] Got 1 sessions for codespace,read:user,repo,user:email...
2024-10-03 01:44:09.907 [info] Getting sessions for all scopes...
2024-10-03 01:44:09.907 [info] Got 6 sessions for ...
2024-10-03 01:44:10.170 [info] Getting sessions for all scopes...
2024-10-03 01:44:10.170 [info] Got 6 sessions for ...
2024-10-03 01:44:10.477 [info] Getting sessions for all scopes...
2024-10-03 01:44:10.477 [info] Got 6 sessions for ...
2024-10-03 01:44:11.309 [info] Getting sessions for all scopes...
2024-10-03 01:44:11.309 [info] Got 6 sessions for ...
2024-10-03 01:44:11.858 [info] Getting sessions for all scopes...
2024-10-03 01:44:11.858 [info] Got 6 sessions for ...
2024-10-03 01:44:12.618 [info] Getting sessions for all scopes...
2024-10-03 01:44:12.618 [info] Got 6 sessions for ...
2024-10-03 01:44:12.951 [info] Getting sessions for read:user,repo,user:email,workflow...
2024-10-03 01:44:12.951 [info] Getting sessions for all scopes...
2024-10-03 01:44:12.951 [info] Getting sessions for all scopes...
2024-10-03 01:44:12.951 [info] Got 1 sessions for read:user,repo,user:email,workflow...
2024-10-03 01:44:12.953 [info] Got 6 sessions for ...
2024-10-03 01:44:12.953 [info] Got 6 sessions for ...
2024-10-03 01:44:13.377 [info] Getting sessions for project,read:org,read:user,repo,user:email,workflow...
2024-10-03 01:44:13.377 [info] Got 0 sessions for project,read:org,read:user,repo,user:email,workflow...
2024-10-03 01:44:13.501 [info] Getting sessions for read:user,repo,user:email,workflow...
2024-10-03 01:44:13.501 [info] Got 1 sessions for read:user,repo,user:email,workflow...
2024-10-03 01:44:13.833 [info] Getting sessions for read:user,repo,user:email,workflow...
2024-10-03 01:44:13.833 [info] Got 1 sessions for read:user,repo,user:email,workflow...
2024-10-03 01:44:15.115 [info] Getting sessions for all scopes...
2024-10-03 01:44:15.115 [info] Getting sessions for all scopes...
2024-10-03 01:44:15.115 [info] Got 6 sessions for ...
2024-10-03 01:44:15.115 [info] Got 6 sessions for ...
2024-10-03 01:44:15.962 [info] Getting sessions for read:user,repo,user:email,workflow...
2024-10-03 01:44:15.962 [info] Got 1 sessions for read:user,repo,user:email,workflow...
2024-10-03 01:44:18.985 [info] Getting sessions for read:user,repo,user:email,workflow...
2024-10-03 01:44:18.985 [info] Got 1 sessions for read:user,repo,user:email,workflow...
