2024-10-02 16:29:56.966 [info] Reading sessions from keychain...
2024-10-02 16:29:56.966 [info] Getting sessions for all scopes...
2024-10-02 16:29:56.966 [info] Getting sessions for user:email...
2024-10-02 16:29:57.189 [info] Got stored sessions!
2024-10-02 16:29:57.189 [info] Got 6 verified sessions.
2024-10-02 16:29:57.189 [info] Got 6 sessions for ...
2024-10-02 16:29:57.189 [info] Got 1 sessions for user:email...
2024-10-02 16:29:57.471 [info] Getting sessions for codespace,read:user,repo,user:email...
2024-10-02 16:29:57.471 [info] Got 1 sessions for codespace,read:user,repo,user:email...
2024-10-02 16:29:57.481 [info] Getting sessions for all scopes...
2024-10-02 16:29:57.481 [info] Got 6 sessions for ...
2024-10-02 16:29:57.656 [info] Getting sessions for all scopes...
2024-10-02 16:29:57.656 [info] Got 6 sessions for ...
2024-10-02 16:29:58.545 [info] Getting sessions for all scopes...
2024-10-02 16:29:58.546 [info] Got 6 sessions for ...
2024-10-02 16:29:58.868 [info] Getting sessions for all scopes...
2024-10-02 16:29:58.869 [info] Got 6 sessions for ...
2024-10-02 16:29:59.382 [info] Getting sessions for read:user,repo,user:email,workflow...
2024-10-02 16:29:59.382 [info] Getting sessions for all scopes...
2024-10-02 16:29:59.382 [info] Got 1 sessions for read:user,repo,user:email,workflow...
2024-10-02 16:29:59.383 [info] Got 6 sessions for ...
2024-10-02 16:29:59.608 [info] Getting sessions for all scopes...
2024-10-02 16:29:59.609 [info] Getting sessions for all scopes...
2024-10-02 16:29:59.609 [info] Getting sessions for all scopes...
2024-10-02 16:29:59.609 [info] Got 6 sessions for ...
2024-10-02 16:29:59.609 [info] Got 6 sessions for ...
2024-10-02 16:29:59.609 [info] Got 6 sessions for ...
2024-10-02 16:29:59.864 [info] Getting sessions for project,read:org,read:user,repo,user:email,workflow...
2024-10-02 16:29:59.865 [info] Got 0 sessions for project,read:org,read:user,repo,user:email,workflow...
2024-10-02 16:30:00.178 [info] Getting sessions for read:user,repo,user:email,workflow...
2024-10-02 16:30:00.178 [info] Got 1 sessions for read:user,repo,user:email,workflow...
2024-10-02 16:30:01.477 [info] Getting sessions for read:user,repo,user:email,workflow...
2024-10-02 16:30:01.478 [info] Got 1 sessions for read:user,repo,user:email,workflow...
2024-10-02 16:30:01.825 [info] Getting sessions for all scopes...
2024-10-02 16:30:01.825 [info] Getting sessions for all scopes...
2024-10-02 16:30:01.825 [info] Got 6 sessions for ...
2024-10-02 16:30:01.825 [info] Got 6 sessions for ...
2024-10-02 16:30:02.531 [info] Getting sessions for read:user,repo,user:email,workflow...
2024-10-02 16:30:02.531 [info] Got 1 sessions for read:user,repo,user:email,workflow...
2024-10-02 16:30:05.963 [info] Getting sessions for read:user,repo,user:email,workflow...
2024-10-02 16:30:05.963 [info] Got 1 sessions for read:user,repo,user:email,workflow...
