2024-10-02 16:26:56.467 [warning] Shell integration cannot be enabled for executable "/bin/sh" and args []
2024-10-02 16:30:06.255 [warning] Shell integration cannot be enabled for executable "/bin/sh" and args []
2024-10-02 16:33:20.630 [info] Expanding terminal instance, old id 348316d-10 -> new id undefined
2024-10-02 16:33:20.630 [info] Expanding terminal instance, old id 348316d-9 -> new id undefined
2024-10-02 16:33:28.404 [warning] Persistent process "10": Process had no disconnect runners but was an orphan
2024-10-02 16:33:28.404 [info] Persistent process reconnection "10"
2024-10-02 16:33:28.404 [warning] Persistent process "9": Process had no disconnect runners but was an orphan
2024-10-02 16:33:28.404 [info] Persistent process reconnection "9"
2024-10-02 16:33:28.806 [info] Persistent process "10": Replaying 104 chars and 1 size events
2024-10-02 16:33:28.807 [info] Persistent process "9": Replaying 904 chars and 1 size events
2024-10-02 16:33:37.597 [warning] Shell integration cannot be enabled for executable "/bin/sh" and args []
2024-10-02 16:40:17.089 [info] Expanding terminal instance, old id 348316d-10 -> new id undefined
2024-10-02 16:40:17.089 [info] Expanding terminal instance, old id 348316d-9 -> new id undefined
2024-10-02 16:40:29.761 [warning] Persistent process "10": Process had no disconnect runners but was an orphan
2024-10-02 16:40:29.762 [info] Persistent process reconnection "10"
2024-10-02 16:40:29.762 [warning] Persistent process "9": Process had no disconnect runners but was an orphan
2024-10-02 16:40:29.762 [info] Persistent process reconnection "9"
2024-10-02 16:40:30.156 [info] Persistent process "10": Replaying 104 chars and 1 size events
2024-10-02 16:40:30.172 [info] Persistent process "9": Replaying 2698 chars and 1 size events
2024-10-02 16:40:38.874 [warning] Shell integration cannot be enabled for executable "/bin/sh" and args []
