2024-10-03 01:44:11.353 [info] [main] ログ レベル: Info
2024-10-03 01:44:11.353 [info] [main] Git の検証が検出されました: "git"
2024-10-03 01:44:11.353 [info] [main] "git" から Git "2.46.1" を使用しています
2024-10-03 01:44:11.353 [info] [Model][doInitialScan] Initial repository scan started
2024-10-03 01:44:11.353 [info] > git rev-parse --show-toplevel [8ms]
2024-10-03 01:44:11.353 [info] > git rev-parse --git-dir --git-common-dir [11ms]
2024-10-03 01:44:11.353 [info] [Model][openRepository] Opened repository: /home/vscode/progate_path/self_introduction_commit/self_introduction
2024-10-03 01:44:11.366 [info] > git config --get commit.template [6ms]
2024-10-03 01:44:11.378 [info] [Git][getRemotes] No remotes found in the git config file
2024-10-03 01:44:11.378 [info] > git rev-parse --show-toplevel [13ms]
2024-10-03 01:44:11.384 [info] > git for-each-ref --format=%(refname)%00%(upstream:short)%00%(objectname)%00%(upstream:track)%00%(upstream:remotename)%00%(upstream:remoteref) refs/heads/main refs/remotes/main [7ms]
2024-10-03 01:44:11.391 [info] > git rev-parse --show-toplevel [8ms]
2024-10-03 01:44:11.396 [info] > git status -z -uall [7ms]
2024-10-03 01:44:11.410 [info] > git for-each-ref --format=%(refname)%00%(upstream:short)%00%(objectname)%00%(upstream:track)%00%(upstream:remotename)%00%(upstream:remoteref) refs/heads/main refs/remotes/main [9ms]
2024-10-03 01:44:11.415 [info] > git rev-parse --show-toplevel [20ms]
2024-10-03 01:44:11.418 [info] [Model][doInitialScan] Initial repository scan completed - repositories (1), closed repositories (0), parent repositories (0), unsafe repositories (0)
2024-10-03 01:44:11.419 [info] > git config --local branch.main.vscode-merge-base [3ms]
2024-10-03 01:44:11.419 [warning] [Git][config] git config failed: Failed to execute git
2024-10-03 01:44:11.423 [info] > git config --get commit.template [14ms]
2024-10-03 01:44:11.429 [info] [Git][getRemotes] No remotes found in the git config file
2024-10-03 01:44:11.430 [info] > git reflog main --grep-reflog=branch: Created from *. [6ms]
2024-10-03 01:44:11.435 [info] > git for-each-ref --format=%(refname)%00%(upstream:short)%00%(objectname)%00%(upstream:track)%00%(upstream:remotename)%00%(upstream:remoteref) refs/heads/main refs/remotes/main [6ms]
2024-10-03 01:44:11.440 [info] > git symbolic-ref --short refs/remotes/origin/HEAD [6ms]
2024-10-03 01:44:11.440 [info] fatal: ref refs/remotes/origin/HEAD is not a symbolic ref
2024-10-03 01:44:11.442 [info] > git status -z -uall [3ms]
2024-10-03 01:44:11.450 [info] > git for-each-ref --format=%(refname)%00%(upstream:short)%00%(objectname)%00%(upstream:track)%00%(upstream:remotename)%00%(upstream:remoteref) refs/heads/main refs/remotes/main [2ms]
2024-10-03 01:44:11.457 [info] > git config --local branch.main.vscode-merge-base [1ms]
2024-10-03 01:44:11.457 [warning] [Git][config] git config failed: Failed to execute git
2024-10-03 01:44:11.464 [info] > git reflog main --grep-reflog=branch: Created from *. [3ms]
2024-10-03 01:44:11.470 [info] > git symbolic-ref --short refs/remotes/origin/HEAD [2ms]
2024-10-03 01:44:11.470 [info] fatal: ref refs/remotes/origin/HEAD is not a symbolic ref
2024-10-03 01:44:12.312 [info] > git check-ignore -v -z --stdin [1ms]
2024-10-03 01:44:15.851 [info] > git config --local branch.main.github-pr-owner-number [31ms]
2024-10-03 01:44:15.851 [warning] [Git][config] git config failed: Failed to execute git
2024-10-03 01:44:15.865 [info] > git config --local branch.main.remote [3ms]
2024-10-03 01:44:15.865 [warning] [Git][config] git config failed: Failed to execute git
2024-10-03 01:44:15.881 [info] > git config --local branch.main.merge [8ms]
2024-10-03 01:44:15.881 [warning] [Git][config] git config failed: Failed to execute git
