2024-10-02 16:40:28.888 [info] Reading sessions from keychain...
2024-10-02 16:40:28.888 [info] Getting sessions for all scopes...
2024-10-02 16:40:28.888 [info] Getting sessions for user:email...
2024-10-02 16:40:28.897 [info] Got stored sessions!
2024-10-02 16:40:28.897 [info] Got 6 verified sessions.
2024-10-02 16:40:28.897 [info] Got 6 sessions for ...
2024-10-02 16:40:28.897 [info] Got 1 sessions for user:email...
2024-10-02 16:40:29.031 [info] Getting sessions for codespace,read:user,repo,user:email...
2024-10-02 16:40:29.032 [info] Got 1 sessions for codespace,read:user,repo,user:email...
2024-10-02 16:40:29.040 [info] Getting sessions for all scopes...
2024-10-02 16:40:29.040 [info] Got 6 sessions for ...
2024-10-02 16:40:29.577 [info] Getting sessions for all scopes...
2024-10-02 16:40:29.577 [info] Got 6 sessions for ...
2024-10-02 16:40:30.552 [info] Getting sessions for all scopes...
2024-10-02 16:40:30.552 [info] Got 6 sessions for ...
2024-10-02 16:40:30.823 [info] Getting sessions for all scopes...
2024-10-02 16:40:30.824 [info] Got 6 sessions for ...
2024-10-02 16:40:31.266 [info] Getting sessions for all scopes...
2024-10-02 16:40:31.266 [info] Got 6 sessions for ...
2024-10-02 16:40:31.495 [info] Getting sessions for read:user,repo,user:email,workflow...
2024-10-02 16:40:31.495 [info] Getting sessions for all scopes...
2024-10-02 16:40:31.495 [info] Got 1 sessions for read:user,repo,user:email,workflow...
2024-10-02 16:40:31.495 [info] Got 6 sessions for ...
2024-10-02 16:40:31.615 [info] Getting sessions for all scopes...
2024-10-02 16:40:31.615 [info] Getting sessions for all scopes...
2024-10-02 16:40:31.615 [info] Got 6 sessions for ...
2024-10-02 16:40:31.615 [info] Got 6 sessions for ...
2024-10-02 16:40:32.021 [info] Getting sessions for project,read:org,read:user,repo,user:email,workflow...
2024-10-02 16:40:32.021 [info] Got 0 sessions for project,read:org,read:user,repo,user:email,workflow...
2024-10-02 16:40:32.261 [info] Getting sessions for read:user,repo,user:email,workflow...
2024-10-02 16:40:32.261 [info] Got 1 sessions for read:user,repo,user:email,workflow...
2024-10-02 16:40:33.746 [info] Getting sessions for read:user,repo,user:email,workflow...
2024-10-02 16:40:33.746 [info] Got 1 sessions for read:user,repo,user:email,workflow...
2024-10-02 16:40:34.075 [info] Getting sessions for all scopes...
2024-10-02 16:40:34.075 [info] Getting sessions for all scopes...
2024-10-02 16:40:34.075 [info] Got 6 sessions for ...
2024-10-02 16:40:34.075 [info] Got 6 sessions for ...
2024-10-02 16:40:34.695 [info] Getting sessions for read:user,repo,user:email,workflow...
2024-10-02 16:40:34.695 [info] Got 1 sessions for read:user,repo,user:email,workflow...
2024-10-02 16:40:37.743 [info] Getting sessions for read:user,repo,user:email,workflow...
2024-10-02 16:40:37.743 [info] Got 1 sessions for read:user,repo,user:email,workflow...
2024-10-02 16:57:27.983 [info] Getting sessions for all scopes...
2024-10-02 16:57:27.983 [info] Got 6 sessions for ...
