2024-10-02 16:33:28.181 [info] Reading sessions from keychain...
2024-10-02 16:33:28.181 [info] Getting sessions for all scopes...
2024-10-02 16:33:28.181 [info] Getting sessions for user:email...
2024-10-02 16:33:28.233 [info] Got stored sessions!
2024-10-02 16:33:28.233 [info] Got 6 verified sessions.
2024-10-02 16:33:28.234 [info] Got 6 sessions for ...
2024-10-02 16:33:28.234 [info] Got 1 sessions for user:email...
2024-10-02 16:33:28.319 [info] Getting sessions for codespace,read:user,repo,user:email...
2024-10-02 16:33:28.319 [info] Got 1 sessions for codespace,read:user,repo,user:email...
2024-10-02 16:33:28.345 [info] Getting sessions for all scopes...
2024-10-02 16:33:28.345 [info] Got 6 sessions for ...
2024-10-02 16:33:28.646 [info] Getting sessions for all scopes...
2024-10-02 16:33:28.646 [info] Got 6 sessions for ...
2024-10-02 16:33:29.450 [info] Getting sessions for all scopes...
2024-10-02 16:33:29.450 [info] Got 6 sessions for ...
2024-10-02 16:33:29.766 [info] Getting sessions for all scopes...
2024-10-02 16:33:29.767 [info] Got 6 sessions for ...
2024-10-02 16:33:30.140 [info] Getting sessions for all scopes...
2024-10-02 16:33:30.141 [info] Got 6 sessions for ...
2024-10-02 16:33:30.396 [info] Getting sessions for read:user,repo,user:email,workflow...
2024-10-02 16:33:30.396 [info] Getting sessions for all scopes...
2024-10-02 16:33:30.396 [info] Got 1 sessions for read:user,repo,user:email,workflow...
2024-10-02 16:33:30.396 [info] Got 6 sessions for ...
2024-10-02 16:33:30.521 [info] Getting sessions for all scopes...
2024-10-02 16:33:30.521 [info] Getting sessions for all scopes...
2024-10-02 16:33:30.521 [info] Got 6 sessions for ...
2024-10-02 16:33:30.522 [info] Got 6 sessions for ...
2024-10-02 16:33:30.887 [info] Getting sessions for project,read:org,read:user,repo,user:email,workflow...
2024-10-02 16:33:30.887 [info] Got 0 sessions for project,read:org,read:user,repo,user:email,workflow...
2024-10-02 16:33:31.152 [info] Getting sessions for read:user,repo,user:email,workflow...
2024-10-02 16:33:31.152 [info] Got 1 sessions for read:user,repo,user:email,workflow...
2024-10-02 16:33:32.462 [info] Getting sessions for read:user,repo,user:email,workflow...
2024-10-02 16:33:32.462 [info] Got 1 sessions for read:user,repo,user:email,workflow...
2024-10-02 16:33:32.794 [info] Getting sessions for all scopes...
2024-10-02 16:33:32.794 [info] Getting sessions for all scopes...
2024-10-02 16:33:32.794 [info] Got 6 sessions for ...
2024-10-02 16:33:32.794 [info] Got 6 sessions for ...
2024-10-02 16:33:33.525 [info] Getting sessions for read:user,repo,user:email,workflow...
2024-10-02 16:33:33.525 [info] Got 1 sessions for read:user,repo,user:email,workflow...
2024-10-02 16:33:36.316 [info] Getting sessions for read:user,repo,user:email,workflow...
2024-10-02 16:33:36.316 [info] Got 1 sessions for read:user,repo,user:email,workflow...
